  GameState.cpp
B:\Development Bin\Projects\2048\GameState.cpp(46,156): warning C4244:  'argument': conversion from 'double' to 'T', possible loss of data
B:\Development Bin\Projects\2048\GameState.cpp(46,156): warning C4244:         with
B:\Development Bin\Projects\2048\GameState.cpp(46,156): warning C4244:         [
B:\Development Bin\Projects\2048\GameState.cpp(46,156): warning C4244:             T=float
B:\Development Bin\Projects\2048\GameState.cpp(46,156): warning C4244:         ]
B:\Development Bin\Projects\2048\GameState.cpp(46,60): warning C4244:  'argument': conversion from 'double' to 'T', possible loss of data
B:\Development Bin\Projects\2048\GameState.cpp(46,60): warning C4244:         with
B:\Development Bin\Projects\2048\GameState.cpp(46,60): warning C4244:         [
B:\Development Bin\Projects\2048\GameState.cpp(46,60): warning C4244:             T=float
B:\Development Bin\Projects\2048\GameState.cpp(46,60): warning C4244:         ]
B:\Development Bin\Projects\2048\GameState.cpp(47,206): warning C4244:  'argument': conversion from 'double' to 'T', possible loss of data
B:\Development Bin\Projects\2048\GameState.cpp(47,206): warning C4244:         with
B:\Development Bin\Projects\2048\GameState.cpp(47,206): warning C4244:         [
B:\Development Bin\Projects\2048\GameState.cpp(47,206): warning C4244:             T=float
B:\Development Bin\Projects\2048\GameState.cpp(47,206): warning C4244:         ]
B:\Development Bin\Projects\2048\GameState.cpp(64,44): warning C4244:  'argument': conversion from 'T' to 'T', possible loss of data
B:\Development Bin\Projects\2048\GameState.cpp(64,44): warning C4244:         with
B:\Development Bin\Projects\2048\GameState.cpp(64,44): warning C4244:         [
B:\Development Bin\Projects\2048\GameState.cpp(64,44): warning C4244:             T=unsigned int
B:\Development Bin\Projects\2048\GameState.cpp(64,44): warning C4244:         ]
B:\Development Bin\Projects\2048\GameState.cpp(64,44): warning C4244:         and
B:\Development Bin\Projects\2048\GameState.cpp(64,44): warning C4244:         [
B:\Development Bin\Projects\2048\GameState.cpp(64,44): warning C4244:             T=float
B:\Development Bin\Projects\2048\GameState.cpp(64,44): warning C4244:         ]
B:\Development Bin\Projects\2048\GameState.cpp(64,30): warning C4244:  'argument': conversion from 'T' to 'T', possible loss of data
B:\Development Bin\Projects\2048\GameState.cpp(64,30): warning C4244:         with
B:\Development Bin\Projects\2048\GameState.cpp(64,30): warning C4244:         [
B:\Development Bin\Projects\2048\GameState.cpp(64,30): warning C4244:             T=unsigned int
B:\Development Bin\Projects\2048\GameState.cpp(64,30): warning C4244:         ]
B:\Development Bin\Projects\2048\GameState.cpp(64,30): warning C4244:         and
B:\Development Bin\Projects\2048\GameState.cpp(64,30): warning C4244:         [
B:\Development Bin\Projects\2048\GameState.cpp(64,30): warning C4244:             T=float
B:\Development Bin\Projects\2048\GameState.cpp(64,30): warning C4244:         ]
B:\Development Bin\Projects\2048\GameState.cpp(485,38): warning C4244:  'argument': conversion from 'time_t' to 'unsigned int', possible loss of data
LINK : fatal error LNK1104: cannot open file 'B:\Development Bin\Projects\2048\Release\2048.exe'
C:\Program Files\Microsoft Visual Studio\2019\Community\MSBuild\Microsoft\VC\v160\Microsoft.CppCommon.targets(725,5): error MSB6006: "link.exe" exited with code 1104.
